\BOOKMARK [0][-]{dummy.1}{\376\377\000D\000e\000c\000l\000a\000r\000a\000t\000i\000o\000n\000\040\000o\000f\000\040\000A\000u\000t\000h\000o\000r\000s\000h\000i\000p}{}% 1
\BOOKMARK [0][-]{dummy.2}{\376\377\000A\000b\000s\000t\000r\000a\000c\000t}{}% 2
\BOOKMARK [0][-]{dummy.3}{\376\377\000C\000o\000n\000t\000e\000n\000t\000s}{}% 3
\BOOKMARK [0][-]{chapter.5}{\376\377\0001\000\040\000I\000n\000t\000r\000o\000d\000u\000c\000t\000i\000o\000n}{}% 4
\BOOKMARK [0][-]{chapter.6}{\376\377\0002\000\040\000T\000h\000e\000o\000r\000y}{}% 5
\BOOKMARK [1][-]{section.8}{\376\377\0002\000.\0001\000\040\000T\000h\000e\000\040\000S\000t\000a\000n\000d\000a\000r\000d\000\040\000M\000o\000d\000e\000l}{chapter.6}% 6
\BOOKMARK [2][-]{subsection.9}{\376\377\0002\000.\0001\000.\0001\000\040\000P\000a\000r\000t\000i\000c\000l\000e\000\040\000c\000o\000n\000t\000e\000n\000t\000\040\000o\000f\000\040\000t\000h\000e\000\040\000S\000t\000a\000n\000d\000a\000r\000d\000\040\000M\000o\000d\000e\000l}{section.8}% 7
\BOOKMARK [2][-]{subsection.10}{\376\377\0002\000.\0001\000.\0002\000\040\000I\000n\000t\000e\000r\000a\000c\000t\000i\000o\000n\000s}{section.8}% 8
\BOOKMARK [2][-]{subsection.11}{\376\377\0002\000.\0001\000.\0003\000\040\000S\000h\000o\000r\000t\000c\000o\000m\000i\000n\000g\000s\000\040\000o\000f\000\040\000t\000h\000e\000\040\000S\000t\000a\000n\000d\000a\000r\000d\000\040\000M\000o\000d\000e\000l}{section.8}% 9
\BOOKMARK [1][-]{section.12}{\376\377\0002\000.\0002\000\040\000S\000u\000p\000e\000r\000s\000y\000m\000m\000e\000t\000r\000y}{chapter.6}% 10
\BOOKMARK [2][-]{subsection.13}{\376\377\0002\000.\0002\000.\0001\000\040\000P\000a\000r\000t\000i\000c\000l\000e\000\040\000c\000o\000n\000t\000e\000n\000t}{section.12}% 11
\BOOKMARK [2][-]{subsection.14}{\376\377\0002\000.\0002\000.\0002\000\040\000O\000b\000s\000e\000r\000v\000a\000b\000l\000e\000s\000\040\000f\000o\000r\000\040\000s\000e\000a\000r\000c\000h\000e\000s\000\040\000f\000o\000r\000\040\000S\000u\000p\000e\000r\000s\000y\000m\000m\000e\000t\000r\000y}{section.12}% 12
\BOOKMARK [1][-]{section.15}{\376\377\0002\000.\0003\000\040\000R\000e\000m\000a\000i\000n\000i\000n\000g\000\040\000o\000p\000e\000n\000\040\000q\000u\000e\000s\000t\000i\000o\000n\000s}{chapter.6}% 13
\BOOKMARK [0][-]{chapter.16}{\376\377\0003\000\040\000E\000x\000p\000e\000r\000i\000m\000e\000n\000t\000a\000l\000\040\000S\000e\000t\000u\000p}{}% 14
\BOOKMARK [1][-]{section.17}{\376\377\0003\000.\0001\000\040\000T\000h\000e\000\040\000L\000a\000r\000g\000e\000\040\000H\000a\000d\000r\000o\000n\000\040\000C\000o\000l\000l\000i\000d\000e\000r}{chapter.16}% 15
\BOOKMARK [2][-]{subsection.19}{\376\377\0003\000.\0001\000.\0001\000\040\000T\000h\000e\000\040\000a\000c\000c\000e\000l\000e\000r\000a\000t\000i\000o\000n\000\040\000c\000h\000a\000i\000n}{section.17}% 16
\BOOKMARK [2][-]{subsection.21}{\376\377\0003\000.\0001\000.\0002\000\040\000S\000p\000e\000c\000i\000f\000i\000c\000a\000t\000i\000o\000n\000s\000\040\000o\000f\000\040\000t\000h\000e\000\040\000L\000H\000C}{section.17}% 17
\BOOKMARK [1][-]{section.32}{\376\377\0003\000.\0002\000\040\000T\000h\000e\000\040\000C\000M\000S\000\040\000e\000x\000p\000e\000r\000i\000m\000e\000n\000t}{chapter.16}% 18
\BOOKMARK [2][-]{subsection.33}{\376\377\0003\000.\0002\000.\0001\000\040\000G\000e\000n\000e\000r\000a\000l\000\040\000s\000t\000r\000u\000c\000t\000u\000r\000e\000\040\000a\000n\000d\000\040\000t\000h\000e\000\040\000m\000a\000g\000n\000e\000t}{section.32}% 19
\BOOKMARK [2][-]{subsection.35}{\376\377\0003\000.\0002\000.\0002\000\040\000T\000h\000e\000\040\000s\000u\000b\000-\000d\000e\000t\000e\000c\000t\000o\000r\000s}{section.32}% 20
\BOOKMARK [0][-]{chapter.48}{\376\377\0004\000\040\000E\000v\000e\000n\000t\000\040\000r\000e\000c\000o\000n\000s\000t\000r\000u\000c\000t\000i\000o\000n\000\040\000a\000n\000d\000\040\000s\000i\000m\000u\000l\000a\000t\000i\000o\000n}{}% 21
\BOOKMARK [1][-]{section.49}{\376\377\0004\000.\0001\000\040\000T\000h\000e\000\040\000t\000r\000i\000g\000g\000e\000r\000\040\000s\000y\000s\000t\000e\000m}{chapter.48}% 22
\BOOKMARK [2][-]{subsection.50}{\376\377\0004\000.\0001\000.\0001\000\040\000T\000h\000e\000\040\000L\0001\000\040\000t\000r\000i\000g\000g\000e\000r}{section.49}% 23
\BOOKMARK [2][-]{subsection.52}{\376\377\0004\000.\0001\000.\0002\000\040\000T\000h\000e\000\040\000H\000L\000T}{section.49}% 24
\BOOKMARK [1][-]{section.53}{\376\377\0004\000.\0002\000\040\000R\000e\000c\000o\000n\000s\000t\000r\000u\000c\000t\000i\000o\000n\000\040\000a\000n\000d\000\040\000d\000a\000t\000a\000\040\000f\000o\000r\000m\000a\000t\000s}{chapter.48}% 25
\BOOKMARK [2][-]{subsection.54}{\376\377\0004\000.\0002\000.\0001\000\040\000P\000a\000r\000t\000i\000c\000l\000e\000\040\000f\000l\000o\000w}{section.53}% 26
\BOOKMARK [2][-]{subsection.59}{\376\377\0004\000.\0002\000.\0002\000\040\000D\000a\000t\000a\000\040\000f\000o\000r\000m\000a\000t\000s}{section.53}% 27
\BOOKMARK [1][-]{section.61}{\376\377\0004\000.\0003\000\040\000S\000i\000m\000u\000l\000a\000t\000i\000o\000n\000\040\000a\000n\000d\000\040\000M\000o\000n\000t\000e\000-\000C\000a\000r\000l\000o}{chapter.48}% 28
\BOOKMARK [2][-]{subsection.62}{\376\377\0004\000.\0003\000.\0001\000\040\000S\000i\000m\000u\000l\000a\000t\000i\000o\000n\000\040\000o\000f\000\040\000h\000a\000r\000d\000\040\000p\000a\000r\000t\000o\000n\000\040\000s\000c\000a\000t\000t\000e\000r\000i\000n\000g}{section.61}% 29
\BOOKMARK [2][-]{subsection.67}{\376\377\0004\000.\0003\000.\0002\000\040\000D\000e\000c\000a\000y\000s\000,\000\040\000h\000a\000d\000r\000o\000n\000i\000z\000a\000t\000i\000o\000n\000,\000\040\000a\000n\000d\000\040\000r\000a\000d\000i\000a\000t\000i\000o\000n\000s}{section.61}% 30
\BOOKMARK [2][-]{subsection.69}{\376\377\0004\000.\0003\000.\0003\000\040\000D\000e\000t\000e\000c\000t\000o\000r\000\040\000s\000i\000m\000u\000l\000a\000t\000i\000o\000n}{section.61}% 31
\BOOKMARK [1][-]{section.70}{\376\377\0004\000.\0004\000\040\000D\000a\000t\000a\000s\000e\000t\000s\000\040\000u\000s\000e\000d\000\040\000f\000o\000r\000\040\000a\000n\000a\000l\000y\000s\000i\000s}{chapter.48}% 32
\BOOKMARK [0][-]{chapter.71}{\376\377\0005\000\040\000S\000a\000m\000e\000-\000s\000i\000g\000n\000\040\000d\000i\000l\000e\000p\000t\000o\000n\000\040\000a\000n\000a\000l\000y\000s\000e\000s}{}% 33
\BOOKMARK [1][-]{section.72}{\376\377\0005\000.\0001\000\040\000S\000e\000a\000r\000c\000h\000\040\000f\000o\000r\000\040\000S\000u\000p\000e\000r\000s\000y\000m\000m\000e\000t\000r\000y\000\040\000i\000n\000\040\000e\000v\000e\000n\000t\000s\000\040\000w\000i\000t\000h\000\040\000h\000a\000d\000r\000o\000n\000i\000c\000\040\000a\000c\000t\000i\000v\000i\000t\000y}{chapter.71}% 34
\BOOKMARK [1][-]{section.73}{\376\377\0005\000.\0002\000\040\000S\000e\000a\000r\000c\000h\000\040\000f\000o\000r\000\040\000e\000l\000e\000c\000t\000r\000o\000w\000e\000a\000k\000\040\000p\000r\000o\000d\000u\000c\000t\000i\000o\000n\000\040\000o\000f\000\040\000S\000u\000p\000e\000r\000s\000y\000m\000m\000e\000t\000r\000y}{chapter.71}% 35
\BOOKMARK [1][-]{section.74}{\376\377\0005\000.\0003\000\040\000F\000a\000k\000e\000\040\000l\000e\000p\000t\000o\000n\000s}{chapter.71}% 36
\BOOKMARK [0][-]{chapter.75}{\376\377\0006\000\040\000O\000u\000t\000l\000o\000o\000k}{}% 37
\BOOKMARK [0][-]{chapter.76}{\376\377\0007\000\040\000C\000o\000n\000c\000l\000u\000s\000i\000o\000n\000s}{}% 38
\BOOKMARK [0][-]{appendix.77}{\376\377\000A\000\040\000D\000u\000m\000m\000y\000\040\000A\000p\000p\000e\000n\000d\000i\000x}{}% 39
\BOOKMARK [0][-]{dummy.78}{\376\377\000B\000i\000b\000l\000i\000o\000g\000r\000a\000p\000h\000y}{}% 40
\BOOKMARK [0][-]{dummy.79}{\376\377\000L\000i\000s\000t\000\040\000o\000f\000\040\000F\000i\000g\000u\000r\000e\000s}{}% 41
\BOOKMARK [0][-]{dummy.81}{\376\377\000L\000i\000s\000t\000\040\000o\000f\000\040\000T\000a\000b\000l\000e\000s}{}% 42
\BOOKMARK [0][-]{dummy.83}{\376\377\000A\000b\000b\000r\000e\000v\000i\000a\000t\000i\000o\000n\000s}{}% 43
\BOOKMARK [0][-]{dummy.86}{\376\377\000S\000y\000m\000b\000o\000l\000s}{}% 44
\BOOKMARK [0][-]{dummy.90}{\376\377\000A\000c\000k\000n\000o\000w\000l\000e\000d\000g\000e\000m\000e\000n\000t\000s}{}% 45
